<?xml version="1.0" encoding="UTF-8"?>
<!-- Generated by org.testng.reporters.JUnitXMLReporter -->
<testsuite ignored="0" hostname="DESKTOP-6KC8FDH" failures="1" tests="1" name="Test" time="31.785" errors="0" timestamp="2023-07-02T16:54:12 IST">
  <testcase classname="test.PB_TC_1020_ValidatePolicyUserName" name="validateUserName" time="3.911">
    <failure type="java.lang.AssertionError" message="TC is failed actual and expected are not matching expected [Anju Sarode] but found []">
      <![CDATA[java.lang.AssertionError: TC is failed actual and expected are not matching expected [Anju Sarode] but found []
at test.PB_TC_1020_ValidatePolicyUserName.validateUserName(PB_TC_1020_ValidatePolicyUserName.java:73)
at java.base/java.util.ArrayList.forEach(ArrayList.java:1511)
... Removed 32 stack frames]]>
    </failure>
  </testcase> <!-- validateUserName -->
</testsuite> <!-- Test -->
